<?xml version="1.0" encoding="UTF-8"?>
<!-- Generated by org.testng.reporters.JUnitXMLReporter -->
<testsuite ignored="0" hostname="Lenovo" failures="0" tests="3" name="Test" time="10.317" errors="0" timestamp="2022-10-09T22:09:54 IST">
  <testcase classname="Cart.TestObject.HomeTest" name="startUpHomePage" time="6.445"/>
  <testcase classname="Cart.TestObject.HomeTest" name="clickRegister" time="1.772"/>
  <testcase classname="Cart.TestObject.HomeTest" name="loginCheck" time="2.04"/>
</testsuite> <!-- Test -->
